#
# There is insufficient memory for the Java Runtime Environment to continue.
# Native memory allocation (malloc) failed to allocate 1048576 bytes for AllocateHeap
# Possible reasons:
#   The system is out of physical RAM or swap space
#   In 32 bit mode, the process size limit was hit
# Possible solutions:
#   Reduce memory load on the system
#   Increase physical memory or swap space
#   Check if swap backing store is full
#   Use 64 bit Java on a 64 bit OS
#   Decrease Java heap size (-Xmx/-Xms)
#   Decrease number of Java threads
#   Decrease Java thread stack sizes (-Xss)
#   Set larger code cache with -XX:ReservedCodeCacheSize=
# This output file may be truncated or incomplete.
#
#  Out of Memory Error (memory/allocation.inline.hpp:61), pid=3048, tid=0x0000000000003f18
#
# JRE version:  (8.0_144-b01) (build )
# Java VM: Java HotSpot(TM) 64-Bit Server VM (25.144-b01 mixed mode windows-amd64 compressed oops)
# Failed to write core dump. Minidumps are not enabled by default on client versions of Windows
#

---------------  T H R E A D  ---------------

Current thread (0x0000000002cd0800):  JavaThread "Unknown thread" [_thread_in_vm, id=16152, stack(0x0000000002b50000,0x0000000002c50000)]

Stack: [0x0000000002b50000,0x0000000002c50000]
[error occurred during error reporting (printing stack bounds), id 0xc0000005]

Native frames: (J=compiled Java code, j=interpreted, Vv=VM code, C=native code)


---------------  P R O C E S S  ---------------

Java Threads: ( => current thread )

Other Threads:

=>0x0000000002cd0800 (exited) JavaThread "Unknown thread" [_thread_in_vm, id=16152, stack(0x0000000002b50000,0x0000000002c50000)]

VM state:not at safepoint (normal execution)

VM Mutex/Monitor currently owned by a thread: None

Heap:
 PSYoungGen      total 36864K, used 634K [0x00000000d6c00000, 0x00000000d9500000, 0x0000000100000000)
  eden space 31744K, 2% used [0x00000000d6c00000,0x00000000d6c9eb90,0x00000000d8b00000)
  from space 5120K, 0% used [0x00000000d9000000,0x00000000d9000000,0x00000000d9500000)
  to   space 5120K, 0% used [0x00000000d8b00000,0x00000000d8b00000,0x00000000d9000000)
 ParOldGen       total 84992K, used 0K [0x0000000084400000, 0x0000000089700000, 0x00000000d6c00000)
  object space 84992K, 0% used [0x0000000084400000,0x0000000084400000,0x0000000089700000)
 Metaspace       used 770K, capacity 4480K, committed 4480K, reserved 1056768K
  class space    used 75K, capacity 384K, committed 384K, reserved 1048576K

Card table byte_map: [0x0000000012190000,0x0000000012570000] byte_map_base: 0x0000000011d6e000

Marking Bits: (ParMarkBitMap*) 0x0000000067b6d850
 Begin Bits: [0x0000000013010000, 0x0000000014f00000)
 End Bits:   [0x0000000014f00000, 0x0000000016df0000)

Polling page: 0x0000000000e50000

CodeCache: size=245760Kb used=328Kb max_used=328Kb free=245431Kb
 bounds [0x0000000002dd0000, 0x0000000003040000, 0x0000000011dd0000]
 total_blobs=58 nmethods=0 adapters=38
 compilation: enabled

Compilation events (0 events):
No events

GC Heap History (0 events):
No events

Deoptimization events (0 events):
No events

Internal exceptions (0 events):
No events

Events (10 events):
Event: 0.017 loading class java/lang/Short
Event: 0.017 loading class java/lang/Short done
Event: 0.017 loading class java/lang/Integer
Event: 0.017 loading class java/lang/Integer done
Event: 0.017 loading class java/lang/Long
Event: 0.018 loading class java/lang/Long done
Event: 0.018 loading class java/lang/NullPointerException
Event: 0.018 loading class java/lang/NullPointerException done
Event: 0.018 loading class java/lang/ArithmeticException
Event: 0.018 loading class java/lang/ArithmeticException done


Dynamic libraries:
0x00007ff725a50000 - 0x00007ff725a87000 	C:\Program Files\Java\jdk1.8.0_144\bin\javaw.exe
0x00007ffe42170000 - 0x00007ffe42365000 	C:\Windows\SYSTEM32\ntdll.dll
0x00007ffe40cd0000 - 0x00007ffe40d8d000 	C:\Windows\System32\KERNEL32.DLL
0x00007ffe3f910000 - 0x00007ffe3fbd9000 	C:\Windows\System32\KERNELBASE.dll
0x00007ffe40910000 - 0x00007ffe409bc000 	C:\Windows\System32\ADVAPI32.dll
0x00007ffe41930000 - 0x00007ffe419ce000 	C:\Windows\System32\msvcrt.dll
0x00007ffe40490000 - 0x00007ffe4052b000 	C:\Windows\System32\sechost.dll
0x00007ffe405c0000 - 0x00007ffe406ea000 	C:\Windows\System32\RPCRT4.dll
0x00007ffe401e0000 - 0x00007ffe40380000 	C:\Windows\System32\USER32.dll
0x00007ffe3fbe0000 - 0x00007ffe3fc02000 	C:\Windows\System32\win32u.dll
0x00007ffe40590000 - 0x00007ffe405ba000 	C:\Windows\System32\GDI32.dll
0x00007ffe3fe90000 - 0x00007ffe3ff9b000 	C:\Windows\System32\gdi32full.dll
0x00007ffe3fdf0000 - 0x00007ffe3fe8d000 	C:\Windows\System32\msvcp_win.dll
0x00007ffe40050000 - 0x00007ffe40150000 	C:\Windows\System32\ucrtbase.dll
0x00007ffe29ef0000 - 0x00007ffe2a18a000 	C:\Windows\WinSxS\amd64_microsoft.windows.common-controls_6595b64144ccf1df_6.0.19041.1110_none_60b5254171f9507e\COMCTL32.dll
0x00007ffe41260000 - 0x00007ffe41290000 	C:\Windows\System32\IMM32.DLL
0x0000000067bf0000 - 0x0000000067cc2000 	C:\Program Files\Java\jdk1.8.0_144\jre\bin\msvcr100.dll
0x0000000067350000 - 0x0000000067bed000 	C:\Program Files\Java\jdk1.8.0_144\jre\bin\server\jvm.dll
0x00007ffe417f0000 - 0x00007ffe417f8000 	C:\Windows\System32\PSAPI.DLL
0x00007ffe27870000 - 0x00007ffe27879000 	C:\Windows\SYSTEM32\WSOCK32.dll
0x00007ffe39270000 - 0x00007ffe39297000 	C:\Windows\SYSTEM32\WINMM.dll
0x00007ffe40c60000 - 0x00007ffe40ccb000 	C:\Windows\System32\WS2_32.dll
0x00007ffe2d570000 - 0x00007ffe2d57a000 	C:\Windows\SYSTEM32\VERSION.dll
0x0000000067340000 - 0x000000006734f000 	C:\Program Files\Java\jdk1.8.0_144\jre\bin\verify.dll
0x0000000067310000 - 0x0000000067339000 	C:\Program Files\Java\jdk1.8.0_144\jre\bin\java.dll
0x00000000672f0000 - 0x0000000067306000 	C:\Program Files\Java\jdk1.8.0_144\jre\bin\zip.dll

VM Arguments:
jvm_args: -Dfile.encoding=UTF-8 
java_command: problemFor.baek2741
java_class_path (initial): C:\Users\user\git\baekjoon\baekjoon\bin
Launcher Type: SUN_STANDARD

Environment Variables:
JAVA_HOME=C:\Program Files\Java\jdk1.8.0_144
PATH=C:/eclipse//plugins/org.eclipse.justj.openjdk.hotspot.jre.full.win32.x86_64_15.0.2.v20210201-0955/jre/bin/server;C:/eclipse//plugins/org.eclipse.justj.openjdk.hotspot.jre.full.win32.x86_64_15.0.2.v20210201-0955/jre/bin;C:\oraclexe\app\oracle\product\11.2.0\server\bin;C:\Windows\system32;C:\Windows;C:\Windows\System32\Wbem;C:\Windows\System32\WindowsPowerShell\v1.0\;C:\Windows\System32\OpenSSH\;C:\Program Files\nodejs\;C:\Program Files\Java\jdk1.8.0_144\bin;C:\Users\user\AppData\Local\Microsoft\WindowsApps;C:\Program Files\Java\jdk1.8.0_144bin;C:\TOMCAT_HOME\bin;;C:\Users\user\AppData\Local\Programs\Microsoft VS Code\bin;C:\Users\user\AppData\Roaming\npm;C:\eclipse;
USERNAME=user
OS=Windows_NT
PROCESSOR_IDENTIFIER=Intel64 Family 6 Model 140 Stepping 1, GenuineIntel



---------------  S Y S T E M  ---------------

OS: Windows 10.0 , 64 bit Build 19041 (10.0.19041.1023)

CPU:total 8 (initial active 8) (4 cores per cpu, 2 threads per core) family 6 model 140 stepping 1, cmov, cx8, fxsr, mmx, sse, sse2, sse3, ssse3, sse4.1, sse4.2, popcnt, avx, avx2, aes, clmul, erms, 3dnowpref, lzcnt, ht, tsc, tscinvbit, bmi1, bmi2, adx

Memory: 4k page, physical 8106168k(1213004k free), swap 18346168k(5596k free)

vm_info: Java HotSpot(TM) 64-Bit Server VM (25.144-b01) for windows-amd64 JRE (1.8.0_144-b01), built on Jul 21 2017 21:57:33 by "java_re" with MS VC++ 10.0 (VS2010)

time: Fri Aug 13 17:01:52 2021
elapsed time: 0 seconds (0d 0h 0m 0s)

